
> web@0.0.0 build
> next build

   ▲ Next.js 14.0.0

   Creating an optimized production build ...
 ✓ Compiled successfully
   Linting and checking validity of types ...
   Collecting page data ...
   Generating static pages (0/4) ...
TypeError: Cannot read properties of null (reading 'useRef')
    at exports.useRef (S:\Project\intenship\Mobile Shop App\apps\web\node_modules\react\cjs\react.production.min.js:26:177)
    at eJ (S:\Project\intenship\Mobile Shop App\apps\web\node_modules\next\dist\compiled\next-server\pages.runtime.prod.js:16:20496)
    at Wc (S:\Project\intenship\Mobile Shop App\node_modules\react-dom\cjs\react-dom-server.browser.production.min.js:68:44)
    at Zc (S:\Project\intenship\Mobile Shop App\node_modules\react-dom\cjs\react-dom-server.browser.production.min.js:70:253)
    at Z (S:\Project\intenship\Mobile Shop App\node_modules\react-dom\cjs\react-dom-server.browser.production.min.js:76:89)
    at Zc (S:\Project\intenship\Mobile Shop App\node_modules\react-dom\cjs\react-dom-server.browser.production.min.js:74:209)
    at Z (S:\Project\intenship\Mobile Shop App\node_modules\react-dom\cjs\react-dom-server.browser.production.min.js:76:89)
    at Zc (S:\Project\intenship\Mobile Shop App\node_modules\react-dom\cjs\react-dom-server.browser.production.min.js:74:209)
    at Z (S:\Project\intenship\Mobile Shop App\node_modules\react-dom\cjs\react-dom-server.browser.production.min.js:76:89)
    at Zc (S:\Project\intenship\Mobile Shop App\node_modules\react-dom\cjs\react-dom-server.browser.production.min.js:70:481)

Error occurred prerendering page "/404". Read more: https://nextjs.org/docs/messages/prerender-error
TypeError: Cannot read properties of null (reading 'useRef')
    at exports.useRef (S:\Project\intenship\Mobile Shop App\apps\web\node_modules\react\cjs\react.production.min.js:26:177)
    at eJ (S:\Project\intenship\Mobile Shop App\apps\web\node_modules\next\dist\compiled\next-server\pages.runtime.prod.js:16:20496)
    at Wc (S:\Project\intenship\Mobile Shop App\node_modules\react-dom\cjs\react-dom-server.browser.production.min.js:68:44)
    at Zc (S:\Project\intenship\Mobile Shop App\node_modules\react-dom\cjs\react-dom-server.browser.production.min.js:70:253)
    at Z (S:\Project\intenship\Mobile Shop App\node_modules\react-dom\cjs\react-dom-server.browser.production.min.js:76:89)
    at Zc (S:\Project\intenship\Mobile Shop App\node_modules\react-dom\cjs\react-dom-server.browser.production.min.js:74:209)
    at Z (S:\Project\intenship\Mobile Shop App\node_modules\react-dom\cjs\react-dom-server.browser.production.min.js:76:89)
    at Zc (S:\Project\intenship\Mobile Shop App\node_modules\react-dom\cjs\react-dom-server.browser.production.min.js:74:209)
    at Z (S:\Project\intenship\Mobile Shop App\node_modules\react-dom\cjs\react-dom-server.browser.production.min.js:76:89)
    at Zc (S:\Project\intenship\Mobile Shop App\node_modules\react-dom\cjs\react-dom-server.browser.production.min.js:70:481)
   Generating static pages (1/4) 
TypeError: Cannot read properties of null (reading 'useRef')
    at exports.useRef (S:\Project\intenship\Mobile Shop App\apps\web\node_modules\react\cjs\react.production.min.js:26:177)
    at eJ (S:\Project\intenship\Mobile Shop App\apps\web\node_modules\next\dist\compiled\next-server\pages.runtime.prod.js:16:20496)
    at Wc (S:\Project\intenship\Mobile Shop App\node_modules\react-dom\cjs\react-dom-server.browser.production.min.js:68:44)
    at Zc (S:\Project\intenship\Mobile Shop App\node_modules\react-dom\cjs\react-dom-server.browser.production.min.js:70:253)
    at Z (S:\Project\intenship\Mobile Shop App\node_modules\react-dom\cjs\react-dom-server.browser.production.min.js:76:89)
    at Zc (S:\Project\intenship\Mobile Shop App\node_modules\react-dom\cjs\react-dom-server.browser.production.min.js:74:209)
    at Z (S:\Project\intenship\Mobile Shop App\node_modules\react-dom\cjs\react-dom-server.browser.production.min.js:76:89)
    at Zc (S:\Project\intenship\Mobile Shop App\node_modules\react-dom\cjs\react-dom-server.browser.production.min.js:74:209)
    at Z (S:\Project\intenship\Mobile Shop App\node_modules\react-dom\cjs\react-dom-server.browser.production.min.js:76:89)
    at Zc (S:\Project\intenship\Mobile Shop App\node_modules\react-dom\cjs\react-dom-server.browser.production.min.js:70:481)

Error occurred prerendering page "/500". Read more: https://nextjs.org/docs/messages/prerender-error
TypeError: Cannot read properties of null (reading 'useRef')
    at exports.useRef (S:\Project\intenship\Mobile Shop App\apps\web\node_modules\react\cjs\react.production.min.js:26:177)
    at eJ (S:\Project\intenship\Mobile Shop App\apps\web\node_modules\next\dist\compiled\next-server\pages.runtime.prod.js:16:20496)
    at Wc (S:\Project\intenship\Mobile Shop App\node_modules\react-dom\cjs\react-dom-server.browser.production.min.js:68:44)
    at Zc (S:\Project\intenship\Mobile Shop App\node_modules\react-dom\cjs\react-dom-server.browser.production.min.js:70:253)
    at Z (S:\Project\intenship\Mobile Shop App\node_modules\react-dom\cjs\react-dom-server.browser.production.min.js:76:89)
    at Zc (S:\Project\intenship\Mobile Shop App\node_modules\react-dom\cjs\react-dom-server.browser.production.min.js:74:209)
    at Z (S:\Project\intenship\Mobile Shop App\node_modules\react-dom\cjs\react-dom-server.browser.production.min.js:76:89)
    at Zc (S:\Project\intenship\Mobile Shop App\node_modules\react-dom\cjs\react-dom-server.browser.production.min.js:74:209)
    at Z (S:\Project\intenship\Mobile Shop App\node_modules\react-dom\cjs\react-dom-server.browser.production.min.js:76:89)
    at Zc (S:\Project\intenship\Mobile Shop App\node_modules\react-dom\cjs\react-dom-server.browser.production.min.js:70:481)
   Generating static pages (2/4) 
   Generating static pages (3/4) 
 ✓ Generating static pages (4/4) 

> Export encountered errors on following paths:
	/_error: /404
	/_error: /500
npm error Lifecycle script `build` failed with error:
npm error code 1
npm error path S:\Project\intenship\Mobile Shop App\apps\web
npm error workspace web@0.0.0
npm error location S:\Project\intenship\Mobile Shop App\apps\web
npm error command failed
npm error command C:\WINDOWS\system32\cmd.exe /d /s /c next build
