
> build
> turbo run build

• Packages in scope: @mobile-shop/config, @mobile-shop/core, @mobile-shop/ui, backend, desktop, mobile, web
• Running build in 7 packages
• Remote caching disabled
@mobile-shop/core:build: cache miss, executing a64267e879930788
desktop:build: cache miss, executing 426f76c90c5428bc
desktop:build: 
desktop:build: > desktop@0.0.0 build
@mobile-shop/core:build: 
@mobile-shop/core:build: > @mobile-shop/core@0.0.0 build
@mobile-shop/core:build: > tsc
@mobile-shop/core:build: 
desktop:build: > tsc && vite build
desktop:build: 
desktop:build: Version 5.9.3
desktop:build: tsc: The TypeScript Compiler - Version 5.9.3
desktop:build: 
desktop:build: COMMON COMMANDS
desktop:build: 
desktop:build:   tsc
desktop:build:   Compiles the current project (tsconfig.json in the working directory.)
desktop:build: 
desktop:build:   tsc app.ts util.ts
desktop:build:   Ignoring tsconfig.json, compiles the specified files with default compiler options.
desktop:build: 
desktop:build:   tsc -b
desktop:build:   Build a composite project in the working directory.
desktop:build: 
desktop:build:   tsc --init
desktop:build:   Creates a tsconfig.json with the recommended settings in the working directory.
desktop:build: 
desktop:build:   tsc -p ./path/to/tsconfig.json
desktop:build:   Compiles the TypeScript project located at the specified path.
desktop:build: 
desktop:build:   tsc --help --all
desktop:build:   An expanded version of this information, showing all possible compiler options
desktop:build: 
desktop:build:   tsc --noEmit
desktop:build:   tsc --target esnext
desktop:build:   Compiles the current project, with additional settings.
desktop:build: 
desktop:build: COMMAND LINE FLAGS
desktop:build: 
desktop:build: --help, -h
desktop:build: Print this message.
desktop:build: 
desktop:build: --watch, -w
desktop:build: Watch input files.
desktop:build: 
desktop:build: --all
desktop:build: Show all compiler options.
desktop:build: 
desktop:build: --version, -v
desktop:build: Print the compiler's version.
desktop:build: 
desktop:build: --init
desktop:build: Initializes a TypeScript project and creates a tsconfig.json file.
desktop:build: 
desktop:build: --project, -p
desktop:build: Compile the project given the path to its configuration file, or to a folder with a 'tsconfig.json'.
desktop:build: 
desktop:build: --showConfig
desktop:build: Print the final configuration instead of building.
desktop:build: 
desktop:build: --build, -b
desktop:build: Build one or more projects and their dependencies, if out of date
desktop:build: 
desktop:build: COMMON COMPILER OPTIONS
desktop:build: 
desktop:build: --pretty
desktop:build: Enable color and formatting in TypeScript's output to make compiler errors easier to read.
desktop:build: type: boolean
desktop:build: default: true
desktop:build: 
desktop:build: --declaration, -d
desktop:build: Generate .d.ts files from TypeScript and JavaScript files in your project.
desktop:build: type: boolean
desktop:build: default: `false`, unless `composite` is set
desktop:build: 
desktop:build: --declarationMap
desktop:build: Create sourcemaps for d.ts files.
desktop:build: type: boolean
desktop:build: default: false
desktop:build: 
desktop:build: --emitDeclarationOnly
desktop:build: Only output d.ts files and not JavaScript files.
desktop:build: type: boolean
desktop:build: default: false
desktop:build: 
desktop:build: --sourceMap
desktop:build: Create source map files for emitted JavaScript files.
desktop:build: type: boolean
desktop:build: default: false
desktop:build: 
desktop:build: --noEmit
desktop:build: Disable emitting files from a compilation.
desktop:build: type: boolean
desktop:build: default: false
desktop:build: 
desktop:build: --target, -t
desktop:build: Set the JavaScript language version for emitted JavaScript and include compatible library declarations.
desktop:build: one of: es5, es6/es2015, es2016, es2017, es2018, es2019, es2020, es2021, es2022, es2023, es2024, esnext
desktop:build: default: es5
desktop:build: 
desktop:build: --module, -m
desktop:build: Specify what module code is generated.
desktop:build: one of: none, commonjs, amd, umd, system, es6/es2015, es2020, es2022, esnext, node16, node18, node20, nodenext, preserve
desktop:build: default: undefined
desktop:build: 
desktop:build: --lib
desktop:build: Specify a set of bundled library declaration files that describe the target runtime environment.
desktop:build: one or more: es5, es6/es2015, es7/es2016, es2017, es2018, es2019, es2020, es2021, es2022, es2023, es2024, esnext, dom, dom.iterable, dom.asynciterable, webworker, webworker.importscripts, webworker.iterable, webworker.asynciterable, scripthost, es2015.core, es2015.collection, es2015.generator, es2015.iterable, es2015.promise, es2015.proxy, es2015.reflect, es2015.symbol, es2015.symbol.wellknown, es2016.array.include, es2016.intl, es2017.arraybuffer, es2017.date, es2017.object, es2017.sharedmemory, es2017.string, es2017.intl, es2017.typedarrays, es2018.asyncgenerator, es2018.asynciterable/esnext.asynciterable, es2018.intl, es2018.promise, es2018.regexp, es2019.array, es2019.object, es2019.string, es2019.symbol/esnext.symbol, es2019.intl, es2020.bigint/esnext.bigint, es2020.date, es2020.promise, es2020.sharedmemory, es2020.string, es2020.symbol.wellknown, es2020.intl, es2020.number, es2021.promise, es2021.string, es2021.weakref/esnext.weakref, es2021.intl, es2022.array, es2022.error, es2022.intl, es2022.object, es2022.string, es2022.regexp, es2023.array, es2023.collection, es2023.intl, es2024.arraybuffer, es2024.collection, es2024.object/esnext.object, es2024.promise, es2024.regexp/esnext.regexp, es2024.sharedmemory, es2024.string/esnext.string, esnext.array, esnext.collection, esnext.intl, esnext.disposable, esnext.promise, esnext.decorators, esnext.iterator, esnext.float16, esnext.error, esnext.sharedmemory, decorators, decorators.legacy
desktop:build: default: undefined
desktop:build: 
desktop:build: --allowJs
desktop:build: Allow JavaScript files to be a part of your program. Use the 'checkJs' option to get errors from these files.
desktop:build: type: boolean
desktop:build: default: false
desktop:build: 
desktop:build: --checkJs
desktop:build: Enable error reporting in type-checked JavaScript files.
desktop:build: type: boolean
desktop:build: default: false
desktop:build: 
desktop:build: --jsx
desktop:build: Specify what JSX code is generated.
desktop:build: one of: preserve, react, react-native, react-jsx, react-jsxdev
desktop:build: default: undefined
desktop:build: 
desktop:build: --outFile
desktop:build: Specify a file that bundles all outputs into one JavaScript file. If 'declaration' is true, also designates a file that bundles all .d.ts output.
desktop:build: 
desktop:build: --outDir
desktop:build: Specify an output folder for all emitted files.
desktop:build: 
desktop:build: --removeComments
desktop:build: Disable emitting comments.
desktop:build: type: boolean
desktop:build: default: false
desktop:build: 
desktop:build: --strict
desktop:build: Enable all strict type-checking options.
desktop:build: type: boolean
desktop:build: default: false
desktop:build: 
desktop:build: --types
desktop:build: Specify type package names to be included without being referenced in a source file.
desktop:build: 
desktop:build: --esModuleInterop
desktop:build: Emit additional JavaScript to ease support for importing CommonJS modules. This enables 'allowSyntheticDefaultImports' for type compatibility.
desktop:build: type: boolean
desktop:build: default: false
desktop:build: 
desktop:build: You can learn about all of the compiler options at https://aka.ms/tsc
desktop:build: 
desktop:build: npm error Lifecycle script `build` failed with error:
desktop:build: npm error code 1
desktop:build: npm error path S:\Project\intenship\Mobile Shop App\apps\desktop
desktop:build: npm error workspace desktop@0.0.0
desktop:build: npm error location S:\Project\intenship\Mobile Shop App\apps\desktop
desktop:build: npm error command failed
desktop:build: npm error command C:\WINDOWS\system32\cmd.exe /d /s /c tsc && vite build
desktop:build: ERROR: command finished with error: command (S:\Project\intenship\Mobile Shop App\apps\desktop) C:\Program Files\nodejs\npm.cmd run build exited (1)
desktop#build: command (S:\Project\intenship\Mobile Shop App\apps\desktop) C:\Program Files\nodejs\npm.cmd run build exited (1)

 Tasks:    0 successful, 2 total
Cached:    0 cached, 2 total
  Time:    2.126s 
Failed:    desktop#build

 ERROR  run failed: command  exited (1)
